<?xml version="1.0" encoding="utf-8"?><testsuites name="pytest tests"><testsuite name="pytest" errors="0" failures="0" skipped="0" tests="12" time="4.479" timestamp="2026-06-02T13:02:48.232816+00:00" hostname="agent-env-fd4b9de2-bcfb-435a-853b-231c7553f116"><testcase classname="backend.tests.test_reports_consistency.TestValidateTotals" name="test_no_params_returns_today_consistent" time="1.312" /><testcase classname="backend.tests.test_reports_consistency.TestValidateTotals" name="test_single_day_includes_all_transactions" time="0.183" /><testcase classname="backend.tests.test_reports_consistency.TestValidateTotals" name="test_validate_matches_dashboard_today" time="0.324" /><testcase classname="backend.tests.test_reports_consistency.TestValidateTotals" name="test_future_date_returns_zero_consistent" time="0.161" /><testcase classname="backend.tests.test_reports_consistency.TestTransactionReport" name="test_single_day_not_zero" time="0.156" /><testcase classname="backend.tests.test_reports_consistency.TestTransactionReport" name="test_multi_day_range" time="0.168" /><testcase classname="backend.tests.test_reports_consistency.TestTransactionReport" name="test_month_range_matches_dashboard" time="0.319" /><testcase classname="backend.tests.test_reports_consistency.TestTransactionReport" name="test_custom_range_consistent" time="0.155" /><testcase classname="backend.tests.test_reports_consistency.TestTransactionReport" name="test_summary_has_total_commission" time="0.201" /><testcase classname="backend.tests.test_reports_consistency.TestCrossChecks" name="test_dashboard_today_count_matches_report" time="0.357" /><testcase classname="backend.tests.test_reports_consistency.TestCrossChecks" name="test_dashboard_today_commission_matches_stylist_report" time="0.351" /><testcase classname="backend.tests.test_reports_consistency.TestJakartaTimezone" name="test_validate_scope_uses_jakarta_today" time="0.208" /></testsuite></testsuites>