<?xml version="1.0" encoding="utf-8"?><testsuites name="pytest tests"><testsuite name="pytest" errors="0" failures="0" skipped="0" tests="19" time="6.552" timestamp="2026-06-02T13:02:58.344793+00:00" hostname="agent-env-fd4b9de2-bcfb-435a-853b-231c7553f116"><testcase classname="backend.tests.backend_test.TestAuth" name="test_login_owner_success" time="0.502" /><testcase classname="backend.tests.backend_test.TestAuth" name="test_login_kasir_success" time="0.457" /><testcase classname="backend.tests.backend_test.TestAuth" name="test_login_wrong_password" time="0.448" /><testcase classname="backend.tests.backend_test.TestDashboardStats" name="test_dashboard_stats_fields" time="0.178" /><testcase classname="backend.tests.backend_test.TestTransactions" name="test_create_transaction_with_stylist_and_commission" time="0.615" /><testcase classname="backend.tests.backend_test.TestTransactions" name="test_commission_only_on_services_not_products" time="0.780" /><testcase classname="backend.tests.backend_test.TestReports" name="test_stylist_commission_report_structure" time="0.177" /><testcase classname="backend.tests.test_reports_consistency.TestValidateTotals" name="test_no_params_returns_today_consistent" time="0.772" /><testcase classname="backend.tests.test_reports_consistency.TestValidateTotals" name="test_single_day_includes_all_transactions" time="0.155" /><testcase classname="backend.tests.test_reports_consistency.TestValidateTotals" name="test_validate_matches_dashboard_today" time="0.296" /><testcase classname="backend.tests.test_reports_consistency.TestValidateTotals" name="test_future_date_returns_zero_consistent" time="0.148" /><testcase classname="backend.tests.test_reports_consistency.TestTransactionReport" name="test_single_day_not_zero" time="0.153" /><testcase classname="backend.tests.test_reports_consistency.TestTransactionReport" name="test_multi_day_range" time="0.167" /><testcase classname="backend.tests.test_reports_consistency.TestTransactionReport" name="test_month_range_matches_dashboard" time="0.358" /><testcase classname="backend.tests.test_reports_consistency.TestTransactionReport" name="test_custom_range_consistent" time="0.157" /><testcase classname="backend.tests.test_reports_consistency.TestTransactionReport" name="test_summary_has_total_commission" time="0.161" /><testcase classname="backend.tests.test_reports_consistency.TestCrossChecks" name="test_dashboard_today_count_matches_report" time="0.333" /><testcase classname="backend.tests.test_reports_consistency.TestCrossChecks" name="test_dashboard_today_commission_matches_stylist_report" time="0.301" /><testcase classname="backend.tests.test_reports_consistency.TestJakartaTimezone" name="test_validate_scope_uses_jakarta_today" time="0.170" /></testsuite></testsuites>